<?xml version="1.0" encoding="UTF-8"?>
<!-- Generated by org.testng.reporters.JUnitReportReporter -->
<testsuite hostname="CPC-debas-HPLU6" failures="0" tests="1" name="tests.LoginPageTest" time="5.275" errors="0" timestamp="2024-09-16T14:09:29 IST" skipped="0">
  <testcase classname="tests.LoginPageTest" name="getPageURL" time="5.275"/>
</testsuite> <!-- tests.LoginPageTest -->
