<?xml version="1.0" encoding="UTF-8"?>
<!-- Generated by org.testng.reporters.JUnitReportReporter -->
<testsuite hostname="CPC-debas-HPLU6" failures="0" tests="3" name="tests.LoginPageTest" time="6.607" errors="0" timestamp="2024-09-16T14:47:52 IST" skipped="0">
  <testcase classname="tests.LoginPageTest" name="loginTest" time="1.209"/>
  <testcase classname="tests.LoginPageTest" name="isAppointmentbtnAvailableTest" time="0.256"/>
  <testcase classname="tests.LoginPageTest" name="getPageURL" time="5.142"/>
</testsuite> <!-- tests.LoginPageTest -->
